1495685882442	geckodriver	INFO	Listening on 127.0.0.1:55266
1495685884198	geckodriver::marionette	INFO	Starting browser /Applications/Firefox.app/Contents/MacOS/firefox-bin with args ["-marionette"]
1495685886914	Marionette	INFO	Listening on port 55279
1495685886984	Marionette	WARN	TLS certificate errors will be ignored for this session
2017-05-25 11:18:07.630 plugin-container[6015:177271] *** CFMessagePort: bootstrap_register(): failed 1100 (0x44c) 'Permission denied', port = 0x8f3f, name = 'com.apple.tsm.portname'
See /usr/include/servers/bootstrap_defs.h for the error codes.
2017-05-25 11:18:07.636 plugin-container[6015:177271] *** CFMessagePort: bootstrap_register(): failed 1100 (0x44c) 'Permission denied', port = 0x4b2f, name = 'com.apple.CFPasteboardClient'
See /usr/include/servers/bootstrap_defs.h for the error codes.
2017-05-25 11:18:07.636 plugin-container[6015:177271] void __CFPasteboardSetup() : Failed to allocate communication port for com.apple.CFPasteboardClient; this is likely due to sandbox restrictions
1495685901249	geckodriver	INFO	Listening on 127.0.0.1:55444
1495685902329	geckodriver::marionette	INFO	Starting browser /Applications/Firefox.app/Contents/MacOS/firefox-bin with args ["-marionette"]
1495685904924	Marionette	INFO	Listening on port 55457
2017-05-25 11:18:25.462 plugin-container[6029:177825] *** CFMessagePort: bootstrap_register(): failed 1100 (0x44c) 'Permission denied', port = 0x893f, name = 'com.apple.tsm.portname'
See /usr/include/servers/bootstrap_defs.h for the error codes.
2017-05-25 11:18:25.463 plugin-container[6029:177825] *** CFMessagePort: bootstrap_register(): failed 1100 (0x44c) 'Permission denied', port = 0x8b1f, name = 'com.apple.CFPasteboardClient'
See /usr/include/servers/bootstrap_defs.h for the error codes.
2017-05-25 11:18:25.463 plugin-container[6029:177825] void __CFPasteboardSetup() : Failed to allocate communication port for com.apple.CFPasteboardClient; this is likely due to sandbox restrictions
1495685905757	Marionette	WARN	TLS certificate errors will be ignored for this session
JavaScript warning: https://ecs7.tokopedia.net/built/assets-201705-37464b957cd6a5dd984b2a896d44915b.js, line 1365: unreachable code after return statement
JavaScript error: https://ecs7.tokopedia.net/built/assets-201705-37464b957cd6a5dd984b2a896d44915b.js, line 1361: SyntaxError: JSON.parse: unexpected end of data at line 1 column 1 of the JSON data
JavaScript warning: https://cdn.zarget.com/129759/264227.js, line 3: unreachable code after return statement
